Using pre-set license
Built from '2022.3/staging' branch; Version is '2022.3.17f1 (4fc78088f837) revision 5228416'; Using compiler version '192829333'; Build Type 'Release'
OS: 'Windows 11  (10.0.22621) 64bit Core' Language: 'pl' Physical Memory: 15713 MB
BatchMode: 1, IsHumanControllingUs: 0, StartBugReporterOnCrash: 0, Is64bit: 1, IsPro: 1

COMMAND LINE ARGUMENTS:
C:\Program Files\Unity 2022.3.17f1\Editor\Unity.exe
-adb2
-batchMode
-noUpm
-name
AssetImportWorker8
-projectPath
C:/Users/Flamaster333/Projects/Expedition-To-Eldorado-Engineering-Project/Expedition-to-Eldorado
-logFile
Logs/AssetImportWorker8.log
-srvPort
51951
Successfully changed project path to: C:/Users/Flamaster333/Projects/Expedition-To-Eldorado-Engineering-Project/Expedition-to-Eldorado
C:/Users/Flamaster333/Projects/Expedition-To-Eldorado-Engineering-Project/Expedition-to-Eldorado
[UnityMemory] Configuration Parameters - Can be set up in boot.config
    "memorysetup-bucket-allocator-granularity=16"
    "memorysetup-bucket-allocator-bucket-count=8"
    "memorysetup-bucket-allocator-block-size=33554432"
    "memorysetup-bucket-allocator-block-count=8"
    "memorysetup-main-allocator-block-size=16777216"
    "memorysetup-thread-allocator-block-size=16777216"
    "memorysetup-gfx-main-allocator-block-size=16777216"
    "memorysetup-gfx-thread-allocator-block-size=16777216"
    "memorysetup-cache-allocator-block-size=4194304"
    "memorysetup-typetree-allocator-block-size=2097152"
    "memorysetup-profiler-bucket-allocator-granularity=16"
    "memorysetup-profiler-bucket-allocator-bucket-count=8"
    "memorysetup-profiler-bucket-allocator-block-size=33554432"
    "memorysetup-profiler-bucket-allocator-block-count=8"
    "memorysetup-profiler-allocator-block-size=16777216"
    "memorysetup-profiler-editor-allocator-block-size=1048576"
    "memorysetup-temp-allocator-size-main=16777216"
    "memorysetup-job-temp-allocator-block-size=2097152"
    "memorysetup-job-temp-allocator-block-size-background=1048576"
    "memorysetup-job-temp-allocator-reduction-small-platforms=262144"
    "memorysetup-allocator-temp-initial-block-size-main=262144"
    "memorysetup-allocator-temp-initial-block-size-worker=262144"
    "memorysetup-temp-allocator-size-background-worker=32768"
    "memorysetup-temp-allocator-size-job-worker=262144"
    "memorysetup-temp-allocator-size-preload-manager=33554432"
    "memorysetup-temp-allocator-size-nav-mesh-worker=65536"
    "memorysetup-temp-allocator-size-audio-worker=65536"
    "memorysetup-temp-allocator-size-cloud-worker=32768"
    "memorysetup-temp-allocator-size-gi-baking-worker=262144"
    "memorysetup-temp-allocator-size-gfx=262144"
Player connection [28284] Host "[IP] 172.21.96.1 [Port] 0 [Flags] 2 [Guid] 3601054703 [EditorId] 3601054703 [Version] 1048832 [Id] WindowsEditor(7,DESKTOP-GIF448M) [Debug] 1 [PackageName] WindowsEditor [ProjectName] Editor" joined multi-casting on [225.0.0.222:54997]...

Player connection [28284] Host "[IP] 172.21.96.1 [Port] 0 [Flags] 2 [Guid] 3601054703 [EditorId] 3601054703 [Version] 1048832 [Id] WindowsEditor(7,DESKTOP-GIF448M) [Debug] 1 [PackageName] WindowsEditor [ProjectName] Editor" joined alternative multi-casting on [225.0.0.222:34997]...

[Physics::Module] Initialized MultithreadedJobDispatcher with 11 workers.
Refreshing native plugins compatible for Editor in 11.47 ms, found 3 plugins.
Preloading 0 native plugins for Editor in 0.00 ms.
Initialize engine version: 2022.3.17f1 (4fc78088f837)
[Subsystems] Discovering subsystems at path C:/Program Files/Unity 2022.3.17f1/Editor/Data/Resources/UnitySubsystems
[Subsystems] Discovering subsystems at path C:/Users/Flamaster333/Projects/Expedition-To-Eldorado-Engineering-Project/Expedition-to-Eldorado/Assets
GfxDevice: creating device client; threaded=0; jobified=0
Direct3D:
    Version:  Direct3D 11.0 [level 11.1]
    Renderer: NVIDIA GeForce RTX 3050 Ti Laptop GPU (ID=0x25a0)
    Vendor:   NVIDIA
    VRAM:     3976 MB
    Driver:   31.0.15.3713
Initialize mono
Mono path[0] = 'C:/Program Files/Unity 2022.3.17f1/Editor/Data/Managed'
Mono path[1] = 'C:/Program Files/Unity 2022.3.17f1/Editor/Data/MonoBleedingEdge/lib/mono/unityjit-win32'
Mono config path = 'C:/Program Files/Unity 2022.3.17f1/Editor/Data/MonoBleedingEdge/etc'
Using monoOptions --debugger-agent=transport=dt_socket,embedding=1,server=y,suspend=n,address=127.0.0.1:56960
Begin MonoManager ReloadAssembly
Registering precompiled unity dll's ...
Register platform support module: C:/Program Files/Unity 2022.3.17f1/Editor/Data/PlaybackEngines/WindowsStandaloneSupport/UnityEditor.WindowsStandalone.Extensions.dll
Registered in 0.007752 seconds.
- Loaded All Assemblies, in  0.459 seconds
Native extension for WindowsStandalone target not found
Mono: successfully reloaded assembly
- Finished resetting the current domain, in  0.301 seconds
Domain Reload Profiling: 755ms
	BeginReloadAssembly (143ms)
		ExecutionOrderSort (0ms)
		DisableScriptedObjects (0ms)
		BackupInstance (0ms)
		ReleaseScriptingObjects (0ms)
		CreateAndSetChildDomain (1ms)
	RebuildCommonClasses (46ms)
	RebuildNativeTypeToScriptingClass (14ms)
	initialDomainReloadingComplete (80ms)
	LoadAllAssembliesAndSetupDomain (169ms)
		LoadAssemblies (139ms)
		RebuildTransferFunctionScriptingTraits (0ms)
		AnalyzeDomain (166ms)
			TypeCache.Refresh (164ms)
				TypeCache.ScanAssembly (152ms)
			ScanForSourceGeneratedMonoScriptInfo (0ms)
			ResolveRequiredComponents (1ms)
	FinalizeReload (301ms)
		ReleaseScriptCaches (0ms)
		RebuildScriptCaches (0ms)
		SetupLoadedEditorAssemblies (238ms)
			LogAssemblyErrors (0ms)
			InitializePlatformSupportModulesInManaged (10ms)
			SetLoadedEditorAssemblies (9ms)
			RefreshPlugins (0ms)
			BeforeProcessingInitializeOnLoad (2ms)
			ProcessInitializeOnLoadAttributes (168ms)
			ProcessInitializeOnLoadMethodAttributes (49ms)
			AfterProcessingInitializeOnLoad (0ms)
			EditorAssembliesLoaded (0ms)
		ExecutionOrderSort2 (0ms)
		AwakeInstancesAfterBackupRestoration (0ms)
========================================================================
Worker process is ready to serve import requests
Begin MonoManager ReloadAssembly
- Loaded All Assemblies, in  0.667 seconds
Refreshing native plugins compatible for Editor in 6.38 ms, found 3 plugins.
Native extension for WindowsStandalone target not found
Package Manager log level set to [2]
[Package Manager] Server::EnsureServerProcessIsRunning -- launch failed, reason: Unity was launched with the -noUpm command-line argument
[Package Manager] UpmClient::Send -- Unable to send message (not connected to UPM process).
[Package Manager] Cannot connect to Unity Package Manager local server
Mono: successfully reloaded assembly
- Finished resetting the current domain, in  0.754 seconds
Domain Reload Profiling: 1416ms
	BeginReloadAssembly (151ms)
		ExecutionOrderSort (0ms)
		DisableScriptedObjects (7ms)
		BackupInstance (0ms)
		ReleaseScriptingObjects (0ms)
		CreateAndSetChildDomain (21ms)
	RebuildCommonClasses (32ms)
	RebuildNativeTypeToScriptingClass (10ms)
	initialDomainReloadingComplete (46ms)
	LoadAllAssembliesAndSetupDomain (422ms)
		LoadAssemblies (308ms)
		RebuildTransferFunctionScriptingTraits (0ms)
		AnalyzeDomain (199ms)
			TypeCache.Refresh (175ms)
				TypeCache.ScanAssembly (161ms)
			ScanForSourceGeneratedMonoScriptInfo (19ms)
			ResolveRequiredComponents (4ms)
	FinalizeReload (755ms)
		ReleaseScriptCaches (0ms)
		RebuildScriptCaches (0ms)
		SetupLoadedEditorAssemblies (592ms)
			LogAssemblyErrors (0ms)
			InitializePlatformSupportModulesInManaged (5ms)
			SetLoadedEditorAssemblies (3ms)
			RefreshPlugins (0ms)
			BeforeProcessingInitializeOnLoad (63ms)
			ProcessInitializeOnLoadAttributes (480ms)
			ProcessInitializeOnLoadMethodAttributes (29ms)
			AfterProcessingInitializeOnLoad (12ms)
			EditorAssembliesLoaded (0ms)
		ExecutionOrderSort2 (0ms)
		AwakeInstancesAfterBackupRestoration (9ms)
Launched and connected shader compiler UnityShaderCompiler.exe after 0.05 seconds
Refreshing native plugins compatible for Editor in 5.53 ms, found 3 plugins.
Preloading 0 native plugins for Editor in 0.00 ms.
Unloading 3190 Unused Serialized files (Serialized files now loaded: 0)
Unloading 36 unused Assets / (56.9 KB). Loaded Objects now: 3656.
Memory consumption went from 127.1 MB to 127.0 MB.
Total: 3.985600 ms (FindLiveObjects: 0.214700 ms CreateObjectMapping: 0.091200 ms MarkObjects: 3.562300 ms  DeleteObjects: 0.116400 ms)

AssetImportParameters requested are different than current active one (requested -> active):
  custom:container-demuxer-ogg: 62fdf1f143b41e24485cea50d1cbac27 -> 
  custom:video-decoder-ogg-theora: a1e56fd34408186e4bbccfd4996cb3dc -> 
  custom:framework-win-MediaFoundation: 216162199b28c13a410421893ffa2e32 -> 
  custom:CustomObjectIndexerAttribute: 6d391050e5a25f67b0a2c618074f2cd9 -> 
  custom:container-demuxer-webm: 4f35f7cbe854078d1ac9338744f61a02 -> 
  custom:container-muxer-webm: aa71ff27fc2769a1b78a27578f13a17b -> 
  custom:video-decoder-webm-vp8: 9c59270c3fd7afecdb556c50c9e8de78 -> 
  custom:SearchIndexIgnoredProperties: e643bd26f0fe6173181afceb89e7c659 -> 
  custom:AudioImporter_EditorPlatform: d09bf68614088b80899f8185d706f6e7 -> 
  custom:video-encoder-webm-vp8: eb34c28f22e8b96e1ab97ce403110664 -> 
  custom:audio-decoder-ogg-vorbis: bf7c407c2cedff20999df2af8eb42d56 -> 
  custom:audio-encoder-webm-vorbis: bf7c407c2cedff20999df2af8eb42d56 -> 
========================================================================
Received Import Request.
  Time since last request: 8786.073676 seconds.
  path: Assets/KayKit Medieval Builder Pack 1.0/Models/tiles/hex
  artifactKey: Guid(630ecb3cb20db5142955ce9d196ec594) Importer(815301076,1909f56bfc062723c751e8b465ee728b)
Start importing Assets/KayKit Medieval Builder Pack 1.0/Models/tiles/hex using Guid(630ecb3cb20db5142955ce9d196ec594) Importer(815301076,1909f56bfc062723c751e8b465ee728b)  -> (artifact id: '0ae14418a115459e574c1d07e29839b9') in 0.002619 seconds
Number of updated asset objects reloaded before import = 0
Number of asset objects unloaded after import = 0
========================================================================
Received Import Request.
  Time since last request: 3.412798 seconds.
  path: Assets/KayKit Medieval Builder Pack 1.0/Models/tiles/hex/obj
  artifactKey: Guid(bf83bbadafe45894abb4aba4d0e2b44a) Importer(815301076,1909f56bfc062723c751e8b465ee728b)
Start importing Assets/KayKit Medieval Builder Pack 1.0/Models/tiles/hex/obj using Guid(bf83bbadafe45894abb4aba4d0e2b44a) Importer(815301076,1909f56bfc062723c751e8b465ee728b)  -> (artifact id: '2a799c0781301783b9f439db504e57e3') in 0.000562 seconds
Number of updated asset objects reloaded before import = 0
Number of asset objects unloaded after import = 0
========================================================================
Received Import Request.
  Time since last request: 0.085460 seconds.
  path: Assets/KayKit Medieval Builder Pack 1.0/Models/tiles/hex/obj/hex_forest.obj
  artifactKey: Guid(7582c981b637b9c41ae06355332b8947) Importer(815301076,1909f56bfc062723c751e8b465ee728b)
Start importing Assets/KayKit Medieval Builder Pack 1.0/Models/tiles/hex/obj/hex_forest.obj using Guid(7582c981b637b9c41ae06355332b8947) Importer(815301076,1909f56bfc062723c751e8b465ee728b)  -> (artifact id: 'c57ba00bc7a776750b7c9376a1b5241c') in 0.143551 seconds
Number of updated asset objects reloaded before import = 0
Number of asset objects unloaded after import = 10
========================================================================
Received Import Request.
  Time since last request: 0.000029 seconds.
  path: Assets/KayKit Medieval Builder Pack 1.0/Models/tiles/hex/obj/hex_forest_roadE.obj
  artifactKey: Guid(ae1a7546e36a9ce45953201bfc47515a) Importer(815301076,1909f56bfc062723c751e8b465ee728b)
Start importing Assets/KayKit Medieval Builder Pack 1.0/Models/tiles/hex/obj/hex_forest_roadE.obj using Guid(ae1a7546e36a9ce45953201bfc47515a) Importer(815301076,1909f56bfc062723c751e8b465ee728b)  -> (artifact id: '80f7676e819e6145540ca59b10222bf1') in 0.025221 seconds
Number of updated asset objects reloaded before import = 0
Number of asset objects unloaded after import = 11
========================================================================
Received Import Request.
  Time since last request: 0.000027 seconds.
  path: Assets/KayKit Medieval Builder Pack 1.0/Models/tiles/hex/obj/hex_forest_roadF_detail.obj
  artifactKey: Guid(c5e41ad003eb9a24380b44136d3b4206) Importer(815301076,1909f56bfc062723c751e8b465ee728b)
Start importing Assets/KayKit Medieval Builder Pack 1.0/Models/tiles/hex/obj/hex_forest_roadF_detail.obj using Guid(c5e41ad003eb9a24380b44136d3b4206) Importer(815301076,1909f56bfc062723c751e8b465ee728b)  -> (artifact id: '286c6ef5cb7a55f7e2f64d1095466124') in 0.028037 seconds
Number of updated asset objects reloaded before import = 0
Number of asset objects unloaded after import = 12
========================================================================
Received Import Request.
  Time since last request: 0.000017 seconds.
  path: Assets/KayKit Medieval Builder Pack 1.0/Models/tiles/hex/obj/hex_forest_roadI.obj
  artifactKey: Guid(b5350a0652e56254791b728ecc8e4ec1) Importer(815301076,1909f56bfc062723c751e8b465ee728b)
Start importing Assets/KayKit Medieval Builder Pack 1.0/Models/tiles/hex/obj/hex_forest_roadI.obj using Guid(b5350a0652e56254791b728ecc8e4ec1) Importer(815301076,1909f56bfc062723c751e8b465ee728b)  -> (artifact id: 'fa042d067e655f570f9d2a9dbf867252') in 0.022798 seconds
Number of updated asset objects reloaded before import = 0
Number of asset objects unloaded after import = 11
========================================================================
Received Import Request.
  Time since last request: 0.000016 seconds.
  path: Assets/KayKit Medieval Builder Pack 1.0/Models/tiles/hex/obj/hex_forest_roadA_detail.obj
  artifactKey: Guid(54cd6849d73c780489a37862dc172e88) Importer(815301076,1909f56bfc062723c751e8b465ee728b)
Start importing Assets/KayKit Medieval Builder Pack 1.0/Models/tiles/hex/obj/hex_forest_roadA_detail.obj using Guid(54cd6849d73c780489a37862dc172e88) Importer(815301076,1909f56bfc062723c751e8b465ee728b)  -> (artifact id: '5953e2f0437497630ba8c0a3a3dad4f5') in 0.029482 seconds
Number of updated asset objects reloaded before import = 0
Number of asset objects unloaded after import = 12
========================================================================
Received Import Request.
  Time since last request: 0.000028 seconds.
  path: Assets/KayKit Medieval Builder Pack 1.0/Models/tiles/hex/obj/hex_forest_roadB.obj
  artifactKey: Guid(6c8ed47ff496edf46afd35944d1d0a55) Importer(815301076,1909f56bfc062723c751e8b465ee728b)
Start importing Assets/KayKit Medieval Builder Pack 1.0/Models/tiles/hex/obj/hex_forest_roadB.obj using Guid(6c8ed47ff496edf46afd35944d1d0a55) Importer(815301076,1909f56bfc062723c751e8b465ee728b)  -> (artifact id: 'd1a4eeac73ef1453e75d687d232ea297') in 0.023859 seconds
Number of updated asset objects reloaded before import = 0
Number of asset objects unloaded after import = 11
========================================================================
Received Import Request.
  Time since last request: 0.000018 seconds.
  path: Assets/KayKit Medieval Builder Pack 1.0/Models/tiles/hex/obj/hex_forest_roadJ_detail.obj
  artifactKey: Guid(f6794e0eb27ccef4ca8199ec71302322) Importer(815301076,1909f56bfc062723c751e8b465ee728b)
Start importing Assets/KayKit Medieval Builder Pack 1.0/Models/tiles/hex/obj/hex_forest_roadJ_detail.obj using Guid(f6794e0eb27ccef4ca8199ec71302322) Importer(815301076,1909f56bfc062723c751e8b465ee728b)  -> (artifact id: '832bf6faad0e001f5a5b4ffc09dff375') in 0.026401 seconds
Number of updated asset objects reloaded before import = 0
Number of asset objects unloaded after import = 12
========================================================================
Received Import Request.
  Time since last request: 489.737521 seconds.
  path: Assets/KayKit Medieval Builder Pack 1.0/Models/objects/fbx/watchtower.fbx
  artifactKey: Guid(78c18fe6d9e50bc4c9bdc5307c919bb2) Importer(815301076,1909f56bfc062723c751e8b465ee728b)
Start importing Assets/KayKit Medieval Builder Pack 1.0/Models/objects/fbx/watchtower.fbx using Guid(78c18fe6d9e50bc4c9bdc5307c919bb2) Importer(815301076,1909f56bfc062723c751e8b465ee728b)  -> (artifact id: 'b703b8c20aff47a29b050462d78195f9') in 0.024085 seconds
Number of updated asset objects reloaded before import = 0
Number of asset objects unloaded after import = 11
========================================================================
Received Import Request.
  Time since last request: 0.321690 seconds.
  path: Assets/KayKit Medieval Builder Pack 1.0/Models/objects/dae/well.dae
  artifactKey: Guid(4deee1611b2254649a9b4195db526d66) Importer(815301076,1909f56bfc062723c751e8b465ee728b)
Start importing Assets/KayKit Medieval Builder Pack 1.0/Models/objects/dae/well.dae using Guid(4deee1611b2254649a9b4195db526d66) Importer(815301076,1909f56bfc062723c751e8b465ee728b)  -> (artifact id: '2a4d227631434e1134f716b498eb5983') in 0.032883 seconds
Number of updated asset objects reloaded before import = 0
Number of asset objects unloaded after import = 13
========================================================================
Received Import Request.
  Time since last request: 0.000016 seconds.
  path: Assets/KayKit Medieval Builder Pack 1.0/Models/objects/fbx/watermill.fbx
  artifactKey: Guid(12fa9f604b4f64b4e8436872cc873cbb) Importer(815301076,1909f56bfc062723c751e8b465ee728b)
Start importing Assets/KayKit Medieval Builder Pack 1.0/Models/objects/fbx/watermill.fbx using Guid(12fa9f604b4f64b4e8436872cc873cbb) Importer(815301076,1909f56bfc062723c751e8b465ee728b)  -> (artifact id: 'cc81dedf8e27326f2ce6944f8d0c650f') in 0.035362 seconds
Number of updated asset objects reloaded before import = 0
Number of asset objects unloaded after import = 16
========================================================================
Received Import Request.
  Time since last request: 1.543960 seconds.
  path: Assets/KayKit Medieval Builder Pack 1.0/Models/objects/dae/wall_straight.dae
  artifactKey: Guid(d95bfcbd18b1492458c668a46240df8b) Importer(815301076,1909f56bfc062723c751e8b465ee728b)
Start importing Assets/KayKit Medieval Builder Pack 1.0/Models/objects/dae/wall_straight.dae using Guid(d95bfcbd18b1492458c668a46240df8b) Importer(815301076,1909f56bfc062723c751e8b465ee728b)  -> (artifact id: 'eb5b6a8ca07dbd9d96ee8e552364d038') in 0.014804 seconds
Number of updated asset objects reloaded before import = 0
Number of asset objects unloaded after import = 8
========================================================================
Received Import Request.
  Time since last request: 0.022955 seconds.
  path: Assets/KayKit Medieval Builder Pack 1.0/Models/objects/dae/wall_hexCornerA.dae
  artifactKey: Guid(b325ad7e86c82284bb14295d0c666d1b) Importer(815301076,1909f56bfc062723c751e8b465ee728b)
Start importing Assets/KayKit Medieval Builder Pack 1.0/Models/objects/dae/wall_hexCornerA.dae using Guid(b325ad7e86c82284bb14295d0c666d1b) Importer(815301076,1909f56bfc062723c751e8b465ee728b)  -> (artifact id: 'e9a87c9b92f6a22eea568511c26cfa42') in 0.017226 seconds
Number of updated asset objects reloaded before import = 0
Number of asset objects unloaded after import = 8
========================================================================
Received Import Request.
  Time since last request: 0.000017 seconds.
  path: Assets/KayKit Medieval Builder Pack 1.0/Models/objects/dae/wall_hexCornerB.dae
  artifactKey: Guid(ff1ce5579df441e44b2c6b18a1f1fc45) Importer(815301076,1909f56bfc062723c751e8b465ee728b)
Start importing Assets/KayKit Medieval Builder Pack 1.0/Models/objects/dae/wall_hexCornerB.dae using Guid(ff1ce5579df441e44b2c6b18a1f1fc45) Importer(815301076,1909f56bfc062723c751e8b465ee728b)  -> (artifact id: 'cbcb8522f95400b6783343f853b2f8a3') in 0.014537 seconds
Number of updated asset objects reloaded before import = 0
Number of asset objects unloaded after import = 8
========================================================================
Received Import Request.
  Time since last request: 0.029904 seconds.
  path: Assets/KayKit Medieval Builder Pack 1.0/Models/objects/dae/wall_gate_closed.dae
  artifactKey: Guid(686e585a851e9484a830a0bb0daed6c2) Importer(815301076,1909f56bfc062723c751e8b465ee728b)
Start importing Assets/KayKit Medieval Builder Pack 1.0/Models/objects/dae/wall_gate_closed.dae using Guid(686e585a851e9484a830a0bb0daed6c2) Importer(815301076,1909f56bfc062723c751e8b465ee728b)  -> (artifact id: 'aaf4349bc5abce9eeabb00d24a995dfd') in 0.023760 seconds
Number of updated asset objects reloaded before import = 0
Number of asset objects unloaded after import = 10
========================================================================
Received Import Request.
  Time since last request: 0.000019 seconds.
  path: Assets/KayKit Medieval Builder Pack 1.0/Models/objects/fbx/wall_hexCornerA.fbx
  artifactKey: Guid(24f4a8db51701534293106b6c2c92637) Importer(815301076,1909f56bfc062723c751e8b465ee728b)
Start importing Assets/KayKit Medieval Builder Pack 1.0/Models/objects/fbx/wall_hexCornerA.fbx using Guid(24f4a8db51701534293106b6c2c92637) Importer(815301076,1909f56bfc062723c751e8b465ee728b)  -> (artifact id: '57342c2f4964a0eca8826e9e7b56a95f') in 0.013208 seconds
Number of updated asset objects reloaded before import = 0
Number of asset objects unloaded after import = 8
========================================================================
Received Import Request.
  Time since last request: 0.414138 seconds.
  path: Assets/KayKit Medieval Builder Pack 1.0/Models/objects/fbx/wall_corner.fbx
  artifactKey: Guid(a2af1d9eb99c4534fb18b374eca3fbc2) Importer(815301076,1909f56bfc062723c751e8b465ee728b)
Start importing Assets/KayKit Medieval Builder Pack 1.0/Models/objects/fbx/wall_corner.fbx using Guid(a2af1d9eb99c4534fb18b374eca3fbc2) Importer(815301076,1909f56bfc062723c751e8b465ee728b)  -> (artifact id: 'ceb8734837485b7c310b9825cbc4492b') in 0.014945 seconds
Number of updated asset objects reloaded before import = 0
Number of asset objects unloaded after import = 8
========================================================================
Received Import Request.
  Time since last request: 0.000019 seconds.
  path: Assets/KayKit Medieval Builder Pack 1.0/Models/objects/fbx/wall_gate.fbx
  artifactKey: Guid(648a5299d084d28449fb9e0b52d065f8) Importer(815301076,1909f56bfc062723c751e8b465ee728b)
Start importing Assets/KayKit Medieval Builder Pack 1.0/Models/objects/fbx/wall_gate.fbx using Guid(648a5299d084d28449fb9e0b52d065f8) Importer(815301076,1909f56bfc062723c751e8b465ee728b)  -> (artifact id: '8c1580cfaa05860ea97798c784b694d3') in 0.017964 seconds
Number of updated asset objects reloaded before import = 0
Number of asset objects unloaded after import = 9
========================================================================
Received Import Request.
  Time since last request: 0.084396 seconds.
  path: Assets/KayKit Medieval Builder Pack 1.0/Models/objects/dae/wall_corner.dae
  artifactKey: Guid(7354108a8dc7c0d4c87ee8939b1c2097) Importer(815301076,1909f56bfc062723c751e8b465ee728b)
Start importing Assets/KayKit Medieval Builder Pack 1.0/Models/objects/dae/wall_corner.dae using Guid(7354108a8dc7c0d4c87ee8939b1c2097) Importer(815301076,1909f56bfc062723c751e8b465ee728b)  -> (artifact id: 'cbcd45c1c44bff99ff7e999a7ea767e2') in 0.013663 seconds
Number of updated asset objects reloaded before import = 0
Number of asset objects unloaded after import = 8
========================================================================
Received Import Request.
  Time since last request: 0.246299 seconds.
  path: Assets/KayKit Medieval Builder Pack 1.0/Models/tiles/square/dae/square_water_detail_noSides.dae
  artifactKey: Guid(3ba49f801603a80458800678394c73fc) Importer(815301076,1909f56bfc062723c751e8b465ee728b)
Start importing Assets/KayKit Medieval Builder Pack 1.0/Models/tiles/square/dae/square_water_detail_noSides.dae using Guid(3ba49f801603a80458800678394c73fc) Importer(815301076,1909f56bfc062723c751e8b465ee728b)  -> (artifact id: '4f64b4bcfea0bdee3c6c975b82a59285') in 0.018717 seconds
Number of updated asset objects reloaded before import = 0
Number of asset objects unloaded after import = 9
========================================================================
Received Import Request.
  Time since last request: 0.310065 seconds.
  path: Assets/KayKit Medieval Builder Pack 1.0/Models/tiles/square/dae/square_water_detail_empty.dae
  artifactKey: Guid(9032ad70dc86e0547a55b415c36581da) Importer(815301076,1909f56bfc062723c751e8b465ee728b)
Start importing Assets/KayKit Medieval Builder Pack 1.0/Models/tiles/square/dae/square_water_detail_empty.dae using Guid(9032ad70dc86e0547a55b415c36581da) Importer(815301076,1909f56bfc062723c751e8b465ee728b)  -> (artifact id: '062d95460e02d960392209ebb9997d4e') in 0.012758 seconds
Number of updated asset objects reloaded before import = 0
Number of asset objects unloaded after import = 8
========================================================================
Received Import Request.
  Time since last request: 0.000019 seconds.
  path: Assets/KayKit Medieval Builder Pack 1.0/Models/tiles/square/fbx/square_water_detail_noSides.fbx
  artifactKey: Guid(1e50a552342dd40478ab792e0a0d8902) Importer(815301076,1909f56bfc062723c751e8b465ee728b)
Start importing Assets/KayKit Medieval Builder Pack 1.0/Models/tiles/square/fbx/square_water_detail_noSides.fbx using Guid(1e50a552342dd40478ab792e0a0d8902) Importer(815301076,1909f56bfc062723c751e8b465ee728b)  -> (artifact id: 'da0a2a1565a3c71fc2d52da229795fa1') in 0.258937 seconds
Number of updated asset objects reloaded before import = 0
Number of asset objects unloaded after import = 9
========================================================================
Received Import Request.
  Time since last request: 0.065296 seconds.
  path: Assets/KayKit Medieval Builder Pack 1.0/Models/tiles/square/fbx/square_sand_waterOuterCorner_noSides.fbx
  artifactKey: Guid(b76c2b43f00656f45ab13c49d0f62af7) Importer(815301076,1909f56bfc062723c751e8b465ee728b)
Start importing Assets/KayKit Medieval Builder Pack 1.0/Models/tiles/square/fbx/square_sand_waterOuterCorner_noSides.fbx using Guid(b76c2b43f00656f45ab13c49d0f62af7) Importer(815301076,1909f56bfc062723c751e8b465ee728b)  -> (artifact id: 'ee82b3678e2dee61345fd33f952a9882') in 0.026350 seconds
Number of updated asset objects reloaded before import = 0
Number of asset objects unloaded after import = 10
========================================================================
Received Import Request.
  Time since last request: 0.000015 seconds.
  path: Assets/KayKit Medieval Builder Pack 1.0/Models/tiles/square/dae/square_sand_waterStraight.dae
  artifactKey: Guid(ddc7bfc962efbee46a780e0ff893ee64) Importer(815301076,1909f56bfc062723c751e8b465ee728b)
Start importing Assets/KayKit Medieval Builder Pack 1.0/Models/tiles/square/dae/square_sand_waterStraight.dae using Guid(ddc7bfc962efbee46a780e0ff893ee64) Importer(815301076,1909f56bfc062723c751e8b465ee728b)  -> (artifact id: 'a4111d30e7ece8c4c409d07ac6cc0346') in 0.022732 seconds
Number of updated asset objects reloaded before import = 0
Number of asset objects unloaded after import = 10
========================================================================
Received Import Request.
  Time since last request: 0.000021 seconds.
  path: Assets/KayKit Medieval Builder Pack 1.0/Models/tiles/square/fbx/square_sand_waterOuterCorner_empty.fbx
  artifactKey: Guid(2e5188ff202bbd84383b4bcba5454d91) Importer(815301076,1909f56bfc062723c751e8b465ee728b)
Start importing Assets/KayKit Medieval Builder Pack 1.0/Models/tiles/square/fbx/square_sand_waterOuterCorner_empty.fbx using Guid(2e5188ff202bbd84383b4bcba5454d91) Importer(815301076,1909f56bfc062723c751e8b465ee728b)  -> (artifact id: 'ac93c54879e15965236113824c68f08d') in 0.020097 seconds
Number of updated asset objects reloaded before import = 0
Number of asset objects unloaded after import = 9
========================================================================
Received Import Request.
  Time since last request: 0.000014 seconds.
  path: Assets/KayKit Medieval Builder Pack 1.0/Models/tiles/square/dae/square_sand_waterOuterCorner.dae
  artifactKey: Guid(a8af2fc036df33d4f935e0218e5d35c6) Importer(815301076,1909f56bfc062723c751e8b465ee728b)
Start importing Assets/KayKit Medieval Builder Pack 1.0/Models/tiles/square/dae/square_sand_waterOuterCorner.dae using Guid(a8af2fc036df33d4f935e0218e5d35c6) Importer(815301076,1909f56bfc062723c751e8b465ee728b)  -> (artifact id: '4cb853f0a7cfaf83eed84822c3659fe9') in 0.023091 seconds
Number of updated asset objects reloaded before import = 0
Number of asset objects unloaded after import = 10
========================================================================
Received Import Request.
  Time since last request: 0.025709 seconds.
  path: Assets/KayKit Medieval Builder Pack 1.0/Models/tiles/square/dae/square_sand_waterInnerCorner.dae
  artifactKey: Guid(3ba68428f5a491f4a877eb746afe4004) Importer(815301076,1909f56bfc062723c751e8b465ee728b)
Start importing Assets/KayKit Medieval Builder Pack 1.0/Models/tiles/square/dae/square_sand_waterInnerCorner.dae using Guid(3ba68428f5a491f4a877eb746afe4004) Importer(815301076,1909f56bfc062723c751e8b465ee728b)  -> (artifact id: 'd570e6648ea05f87cbe50207013424f5') in 0.025000 seconds
Number of updated asset objects reloaded before import = 0
Number of asset objects unloaded after import = 10
========================================================================
Received Import Request.
  Time since last request: 0.210797 seconds.
  path: Assets/KayKit Medieval Builder Pack 1.0/Models/tiles/square/fbx/square_sand_roadE_detail.fbx
  artifactKey: Guid(af63eb30695d6ea4399f8016f49b0ff7) Importer(815301076,1909f56bfc062723c751e8b465ee728b)
Start importing Assets/KayKit Medieval Builder Pack 1.0/Models/tiles/square/fbx/square_sand_roadE_detail.fbx using Guid(af63eb30695d6ea4399f8016f49b0ff7) Importer(815301076,1909f56bfc062723c751e8b465ee728b)  -> (artifact id: '3da3f8ff564cea5b0bade78f78453fa2') in 0.024269 seconds
Number of updated asset objects reloaded before import = 0
Number of asset objects unloaded after import = 10
========================================================================
Received Import Request.
  Time since last request: 0.000016 seconds.
  path: Assets/KayKit Medieval Builder Pack 1.0/Models/tiles/square/fbx/square_sand_waterInnerCorner.fbx
  artifactKey: Guid(d9738dd7ad7e38b479925915d5881164) Importer(815301076,1909f56bfc062723c751e8b465ee728b)
Start importing Assets/KayKit Medieval Builder Pack 1.0/Models/tiles/square/fbx/square_sand_waterInnerCorner.fbx using Guid(d9738dd7ad7e38b479925915d5881164) Importer(815301076,1909f56bfc062723c751e8b465ee728b)  -> (artifact id: '5433e8f25bac3be074be6481f242d9da') in 0.023055 seconds
Number of updated asset objects reloaded before import = 0
Number of asset objects unloaded after import = 10
========================================================================
Received Import Request.
  Time since last request: 0.000024 seconds.
  path: Assets/KayKit Medieval Builder Pack 1.0/Models/tiles/square/dae/square_sand_roadE.dae
  artifactKey: Guid(092473c7de553374ca2664e2f74d6809) Importer(815301076,1909f56bfc062723c751e8b465ee728b)
Start importing Assets/KayKit Medieval Builder Pack 1.0/Models/tiles/square/dae/square_sand_roadE.dae using Guid(092473c7de553374ca2664e2f74d6809) Importer(815301076,1909f56bfc062723c751e8b465ee728b)  -> (artifact id: '16b584350c3196581302265cce5e9f32') in 0.019467 seconds
Number of updated asset objects reloaded before import = 0
Number of asset objects unloaded after import = 9
========================================================================
Received Import Request.
  Time since last request: 6083.082855 seconds.
  path: Assets/KayKit Medieval Builder Pack 1.0/Models/tiles/hex/obj/hex_forest_roadL.obj
  artifactKey: Guid(7e028cd0aebfaa94ebe19ced4ef9d1b4) Importer(815301076,1909f56bfc062723c751e8b465ee728b)
Start importing Assets/KayKit Medieval Builder Pack 1.0/Models/tiles/hex/obj/hex_forest_roadL.obj using Guid(7e028cd0aebfaa94ebe19ced4ef9d1b4) Importer(815301076,1909f56bfc062723c751e8b465ee728b)  -> (artifact id: '584a7536368729f09a7138e602a1f50f') in 0.056009 seconds
Number of updated asset objects reloaded before import = 0
Number of asset objects unloaded after import = 11
========================================================================
Received Import Request.
  Time since last request: 1.429810 seconds.
  path: Assets/KayKit Medieval Builder Pack 1.0/Models/tiles/hex/obj/hex_forest_roadM.obj
  artifactKey: Guid(863bb118123be1b458f9e3700f9763c3) Importer(815301076,1909f56bfc062723c751e8b465ee728b)
Start importing Assets/KayKit Medieval Builder Pack 1.0/Models/tiles/hex/obj/hex_forest_roadM.obj using Guid(863bb118123be1b458f9e3700f9763c3) Importer(815301076,1909f56bfc062723c751e8b465ee728b)  -> (artifact id: '8243758b7c3c13b7474c18e5a86b17e4') in 0.060581 seconds
Number of updated asset objects reloaded before import = 0
Number of asset objects unloaded after import = 11
========================================================================
Received Import Request.
  Time since last request: 0.000019 seconds.
  path: Assets/KayKit Medieval Builder Pack 1.0/Models/tiles/hex/obj/hex_rock_roadG_detail.obj
  artifactKey: Guid(5802a0fb12b1a2b439b1a8d77d82d20c) Importer(815301076,1909f56bfc062723c751e8b465ee728b)
Start importing Assets/KayKit Medieval Builder Pack 1.0/Models/tiles/hex/obj/hex_rock_roadG_detail.obj using Guid(5802a0fb12b1a2b439b1a8d77d82d20c) Importer(815301076,1909f56bfc062723c751e8b465ee728b)  -> (artifact id: 'effd5c2c5e1eee704559d25b0f4f7d3c') in 0.063752 seconds
Number of updated asset objects reloaded before import = 0
Number of asset objects unloaded after import = 12
========================================================================
Received Import Request.
  Time since last request: 0.000018 seconds.
  path: Assets/KayKit Medieval Builder Pack 1.0/Models/tiles/hex/obj/hex_forest_waterA_detail.obj
  artifactKey: Guid(e6f07b6956d720248bbad2932e22be1e) Importer(815301076,1909f56bfc062723c751e8b465ee728b)
Start importing Assets/KayKit Medieval Builder Pack 1.0/Models/tiles/hex/obj/hex_forest_waterA_detail.obj using Guid(e6f07b6956d720248bbad2932e22be1e) Importer(815301076,1909f56bfc062723c751e8b465ee728b)  -> (artifact id: 'df1edc5103e6be74e85ac68da50e3cd0') in 0.071172 seconds
Number of updated asset objects reloaded before import = 0
Number of asset objects unloaded after import = 12
========================================================================
Received Import Request.
  Time since last request: 0.000023 seconds.
  path: Assets/KayKit Medieval Builder Pack 1.0/Models/tiles/hex/obj/hex_rock_roadC_detail.obj
  artifactKey: Guid(8498c973f1ae0a744b82463432143b1d) Importer(815301076,1909f56bfc062723c751e8b465ee728b)
Start importing Assets/KayKit Medieval Builder Pack 1.0/Models/tiles/hex/obj/hex_rock_roadC_detail.obj using Guid(8498c973f1ae0a744b82463432143b1d) Importer(815301076,1909f56bfc062723c751e8b465ee728b)  -> (artifact id: 'e625d279ea42a51b3c4efb8abdc535d4') in 0.075319 seconds
Number of updated asset objects reloaded before import = 0
Number of asset objects unloaded after import = 12
========================================================================
Received Import Request.
  Time since last request: 0.000018 seconds.
  path: Assets/KayKit Medieval Builder Pack 1.0/Models/tiles/hex/obj/hex_rock_roadE_detail.obj
  artifactKey: Guid(0a1fadc8da8d8b24fa457a9ee73caa12) Importer(815301076,1909f56bfc062723c751e8b465ee728b)
Start importing Assets/KayKit Medieval Builder Pack 1.0/Models/tiles/hex/obj/hex_rock_roadE_detail.obj using Guid(0a1fadc8da8d8b24fa457a9ee73caa12) Importer(815301076,1909f56bfc062723c751e8b465ee728b)  -> (artifact id: '828f7d65c40f0f2da303f000a04c8cfc') in 0.031639 seconds
Number of updated asset objects reloaded before import = 0
Number of asset objects unloaded after import = 12
========================================================================
Received Import Request.
  Time since last request: 0.000014 seconds.
  path: Assets/KayKit Medieval Builder Pack 1.0/Models/tiles/hex/obj/hex_forest_waterB_empty.obj
  artifactKey: Guid(42a68dcfa7a8dba4298b8bf339e00336) Importer(815301076,1909f56bfc062723c751e8b465ee728b)
Start importing Assets/KayKit Medieval Builder Pack 1.0/Models/tiles/hex/obj/hex_forest_waterB_empty.obj using Guid(42a68dcfa7a8dba4298b8bf339e00336) Importer(815301076,1909f56bfc062723c751e8b465ee728b)  -> (artifact id: '1dc2c6a6462914e136dc1203c9d18756') in 0.019140 seconds
Number of updated asset objects reloaded before import = 0
Number of asset objects unloaded after import = 10
========================================================================
Received Import Request.
  Time since last request: 0.000017 seconds.
  path: Assets/KayKit Medieval Builder Pack 1.0/Models/tiles/hex/obj/hex_forest_waterC_empty.obj
  artifactKey: Guid(1d16e66deb1aeb44f808f9d9d719eced) Importer(815301076,1909f56bfc062723c751e8b465ee728b)
Start importing Assets/KayKit Medieval Builder Pack 1.0/Models/tiles/hex/obj/hex_forest_waterC_empty.obj using Guid(1d16e66deb1aeb44f808f9d9d719eced) Importer(815301076,1909f56bfc062723c751e8b465ee728b)  -> (artifact id: 'd96fb8f466053badfab96cd832b7c50d') in 0.016184 seconds
Number of updated asset objects reloaded before import = 0
Number of asset objects unloaded after import = 10
========================================================================
Received Import Request.
  Time since last request: 0.000016 seconds.
  path: Assets/KayKit Medieval Builder Pack 1.0/Models/tiles/hex/obj/hex_forest_waterB.obj
  artifactKey: Guid(6e37746cdeb037c44af2c27e5d281970) Importer(815301076,1909f56bfc062723c751e8b465ee728b)
Start importing Assets/KayKit Medieval Builder Pack 1.0/Models/tiles/hex/obj/hex_forest_waterB.obj using Guid(6e37746cdeb037c44af2c27e5d281970) Importer(815301076,1909f56bfc062723c751e8b465ee728b)  -> (artifact id: '45531a3b3e0a10c60a0b18ca500c1931') in 0.020557 seconds
Number of updated asset objects reloaded before import = 0
Number of asset objects unloaded after import = 11
========================================================================
Received Import Request.
  Time since last request: 0.000018 seconds.
  path: Assets/KayKit Medieval Builder Pack 1.0/Models/tiles/hex/obj/hex_forest_waterA_empty.obj
  artifactKey: Guid(054bc84f9cacd974783e68f56c95631a) Importer(815301076,1909f56bfc062723c751e8b465ee728b)
Start importing Assets/KayKit Medieval Builder Pack 1.0/Models/tiles/hex/obj/hex_forest_waterA_empty.obj using Guid(054bc84f9cacd974783e68f56c95631a) Importer(815301076,1909f56bfc062723c751e8b465ee728b)  -> (artifact id: '405ee6eeee95defb583cf455fa46d8bd') in 0.017059 seconds
Number of updated asset objects reloaded before import = 0
Number of asset objects unloaded after import = 10
========================================================================
Received Import Request.
  Time since last request: 0.000016 seconds.
  path: Assets/KayKit Medieval Builder Pack 1.0/Models/tiles/hex/obj/hex_forest_transitionB.obj
  artifactKey: Guid(8184d28b26c64e7468a095430d6b89a5) Importer(815301076,1909f56bfc062723c751e8b465ee728b)
Start importing Assets/KayKit Medieval Builder Pack 1.0/Models/tiles/hex/obj/hex_forest_transitionB.obj using Guid(8184d28b26c64e7468a095430d6b89a5) Importer(815301076,1909f56bfc062723c751e8b465ee728b)  -> (artifact id: '8d54f994ca8dab0b9a2b1ccca468397b') in 0.028802 seconds
Number of updated asset objects reloaded before import = 0
Number of asset objects unloaded after import = 12
========================================================================
Received Import Request.
  Time since last request: 0.000023 seconds.
  path: Assets/KayKit Medieval Builder Pack 1.0/Models/tiles/hex/obj/hex_rock_roadB_detail.obj
  artifactKey: Guid(2495b4bfeeca07c4d98a7c742263140c) Importer(815301076,1909f56bfc062723c751e8b465ee728b)
Start importing Assets/KayKit Medieval Builder Pack 1.0/Models/tiles/hex/obj/hex_rock_roadB_detail.obj using Guid(2495b4bfeeca07c4d98a7c742263140c) Importer(815301076,1909f56bfc062723c751e8b465ee728b)  -> (artifact id: '9720734d0880c3a4a93f14cec9ea21a4') in 0.023599 seconds
Number of updated asset objects reloaded before import = 0
Number of asset objects unloaded after import = 12
========================================================================
Received Import Request.
  Time since last request: 0.000024 seconds.
  path: Assets/KayKit Medieval Builder Pack 1.0/Models/tiles/hex/obj/hex_rock_roadI_detail.obj
  artifactKey: Guid(617bb1dcf05dbac4bb6f1bab6e0ad0d0) Importer(815301076,1909f56bfc062723c751e8b465ee728b)
Start importing Assets/KayKit Medieval Builder Pack 1.0/Models/tiles/hex/obj/hex_rock_roadI_detail.obj using Guid(617bb1dcf05dbac4bb6f1bab6e0ad0d0) Importer(815301076,1909f56bfc062723c751e8b465ee728b)  -> (artifact id: '1913b3584043ed1acf9276d1d0130470') in 0.026840 seconds
Number of updated asset objects reloaded before import = 0
Number of asset objects unloaded after import = 12
========================================================================
Received Import Request.
  Time since last request: 0.000018 seconds.
  path: Assets/KayKit Medieval Builder Pack 1.0/Models/tiles/hex/obj/hex_forest_waterD_empty.obj
  artifactKey: Guid(0b4509257f28c2d448724f2a47dcf7b9) Importer(815301076,1909f56bfc062723c751e8b465ee728b)
Start importing Assets/KayKit Medieval Builder Pack 1.0/Models/tiles/hex/obj/hex_forest_waterD_empty.obj using Guid(0b4509257f28c2d448724f2a47dcf7b9) Importer(815301076,1909f56bfc062723c751e8b465ee728b)  -> (artifact id: '5f632ededd90604973ef2a472334ae53') in 0.016193 seconds
Number of updated asset objects reloaded before import = 0
Number of asset objects unloaded after import = 10
========================================================================
Received Import Request.
  Time since last request: 0.000072 seconds.
  path: Assets/KayKit Medieval Builder Pack 1.0/Models/tiles/hex/obj/hex_forest_roadM_detail.obj
  artifactKey: Guid(8f784ed05787b6c4d9a365cf587a0885) Importer(815301076,1909f56bfc062723c751e8b465ee728b)
Start importing Assets/KayKit Medieval Builder Pack 1.0/Models/tiles/hex/obj/hex_forest_roadM_detail.obj using Guid(8f784ed05787b6c4d9a365cf587a0885) Importer(815301076,1909f56bfc062723c751e8b465ee728b)  -> (artifact id: 'a8c523e8c8679368319f9777a8f96a46') in 0.025269 seconds
Number of updated asset objects reloaded before import = 0
Number of asset objects unloaded after import = 12
========================================================================
Received Import Request.
  Time since last request: 0.000019 seconds.
  path: Assets/KayKit Medieval Builder Pack 1.0/Models/tiles/hex/obj/hex_rock_roadD.obj
  artifactKey: Guid(a6695045fbd7c7e46a1ac5f4e08fc873) Importer(815301076,1909f56bfc062723c751e8b465ee728b)
Start importing Assets/KayKit Medieval Builder Pack 1.0/Models/tiles/hex/obj/hex_rock_roadD.obj using Guid(a6695045fbd7c7e46a1ac5f4e08fc873) Importer(815301076,1909f56bfc062723c751e8b465ee728b)  -> (artifact id: '077a314019a3f051c7aca1aac40e3349') in 0.028391 seconds
Number of updated asset objects reloaded before import = 0
Number of asset objects unloaded after import = 11
========================================================================
Received Import Request.
  Time since last request: 0.000021 seconds.
  path: Assets/KayKit Medieval Builder Pack 1.0/Models/tiles/hex/obj/hex_rock_roadJ_detail.obj
  artifactKey: Guid(10733a26c9ae8f94d855bc8b59851b00) Importer(815301076,1909f56bfc062723c751e8b465ee728b)
Start importing Assets/KayKit Medieval Builder Pack 1.0/Models/tiles/hex/obj/hex_rock_roadJ_detail.obj using Guid(10733a26c9ae8f94d855bc8b59851b00) Importer(815301076,1909f56bfc062723c751e8b465ee728b)  -> (artifact id: 'd722952f40fd8877b0a0f8db63154fd7') in 0.034790 seconds
Number of updated asset objects reloaded before import = 0
Number of asset objects unloaded after import = 12
========================================================================
Received Import Request.
  Time since last request: 0.000020 seconds.
  path: Assets/KayKit Medieval Builder Pack 1.0/Models/tiles/hex/obj/hex_rock_roadF.obj
  artifactKey: Guid(79c2910a7ee62bf429cf76ff923607d3) Importer(815301076,1909f56bfc062723c751e8b465ee728b)
Start importing Assets/KayKit Medieval Builder Pack 1.0/Models/tiles/hex/obj/hex_rock_roadF.obj using Guid(79c2910a7ee62bf429cf76ff923607d3) Importer(815301076,1909f56bfc062723c751e8b465ee728b)  -> (artifact id: '61f817a08b92beb6bf5bb0fcd044376c') in 0.025661 seconds
Number of updated asset objects reloaded before import = 0
Number of asset objects unloaded after import = 11
========================================================================
Received Import Request.
  Time since last request: 0.000020 seconds.
  path: Assets/KayKit Medieval Builder Pack 1.0/Models/tiles/hex/obj/hex_rock_roadA.obj
  artifactKey: Guid(7b5581fc92468a240905e4f8c4ba4cfc) Importer(815301076,1909f56bfc062723c751e8b465ee728b)
Start importing Assets/KayKit Medieval Builder Pack 1.0/Models/tiles/hex/obj/hex_rock_roadA.obj using Guid(7b5581fc92468a240905e4f8c4ba4cfc) Importer(815301076,1909f56bfc062723c751e8b465ee728b)  -> (artifact id: '6036c4ff0be5d67ea5b3332315e437ca') in 0.030387 seconds
Number of updated asset objects reloaded before import = 0
Number of asset objects unloaded after import = 11
========================================================================
Received Import Request.
  Time since last request: 0.000024 seconds.
  path: Assets/KayKit Medieval Builder Pack 1.0/Models/tiles/hex/obj/hex_rock_roadE.obj
  artifactKey: Guid(e188b889d77e40d4696b2c6c30fab7e1) Importer(815301076,1909f56bfc062723c751e8b465ee728b)
Start importing Assets/KayKit Medieval Builder Pack 1.0/Models/tiles/hex/obj/hex_rock_roadE.obj using Guid(e188b889d77e40d4696b2c6c30fab7e1) Importer(815301076,1909f56bfc062723c751e8b465ee728b)  -> (artifact id: 'e9f413a11a100f40f8f062edcd70e8db') in 0.027541 seconds
Number of updated asset objects reloaded before import = 0
Number of asset objects unloaded after import = 11
Editor requested this worker to shutdown with reason: Scaling down because of idle timeout
TcpMessagingSession - receive error: operation aborted. errorcode: 995, details: Operacja We/Wy zosta³a przerwana z powodu zakoñczenia w¹tku lub ¿¹dania aplikacji.
AssetImportWorker is now disconnected from the server
Process exiting
Exiting without the bug reporter. Application will terminate with return code 0